<?xml version="1.0" encoding="UTF-8"?>
<testng-results ignored="0" total="1" passed="1" failed="0" skipped="0">
  <reporter-output>
  </reporter-output>
  <suite started-at="2022-11-03T07:10:26Z" name="Default suite" finished-at="2022-11-03T07:10:27Z" duration-ms="1612">
    <groups>
    </groups>
    <test started-at="2022-11-03T07:10:26Z" name="Default test" finished-at="2022-11-03T07:10:27Z" duration-ms="1612">
      <class name="org.apitesting.ReqresDeleteAPITesting">
        <test-method signature="toDeleteRecord()[pri:0, instance:org.apitesting.ReqresDeleteAPITesting@4b5189ac]" started-at="2022-11-03T07:10:26Z" name="toDeleteRecord" finished-at="2022-11-03T07:10:27Z" duration-ms="1581" status="PASS">
          <reporter-output>
          </reporter-output>
        </test-method> <!-- toDeleteRecord -->
      </class> <!-- org.apitesting.ReqresDeleteAPITesting -->
    </test> <!-- Default test -->
  </suite> <!-- Default suite -->
</testng-results>
