<?xml version="1.0" encoding="UTF-8"?>
<testng-results ignored="0" total="1" passed="1" failed="0" skipped="0">
  <reporter-output>
  </reporter-output>
  <suite started-at="2022-11-04T07:43:07Z" name="Default suite" finished-at="2022-11-04T07:43:09Z" duration-ms="1730">
    <groups>
    </groups>
    <test started-at="2022-11-04T07:43:07Z" name="Default test" finished-at="2022-11-04T07:43:09Z" duration-ms="1730">
      <class name="org.apitesting.TAUAutomationSpecification">
        <test-method signature="RequestSpecificationExample()[pri:0, instance:org.apitesting.TAUAutomationSpecification@4b5189ac]" started-at="2022-11-04T07:43:07Z" name="RequestSpecificationExample" finished-at="2022-11-04T07:43:09Z" duration-ms="1701" status="PASS">
          <reporter-output>
          </reporter-output>
        </test-method> <!-- RequestSpecificationExample -->
      </class> <!-- org.apitesting.TAUAutomationSpecification -->
    </test> <!-- Default test -->
  </suite> <!-- Default suite -->
</testng-results>
